<?xml version="1.0" encoding="UTF-8"?>
<!-- Generated by org.testng.reporters.JUnitXMLReporter -->
<testsuite ignored="4" hostname="LTIN485793" failures="0" tests="7" name="Test" time="65.917" errors="0" timestamp="2024-04-11T23:22:24 IST">
  <testcase classname="TestCase.TC_001" name="search_functionality" time="36.124"/>
  <testcase classname="TestCase.TC_001" name="filter_functionality" time="4.766"/>
  <testcase classname="TestCase.TC_001" name="check_sortfuction" time="1.052"/>
  <testcase classname="TestCase.TC_001" name="check_and_print" time="0.6"/>
  <testcase classname="TestCase.TC_002" name="submenu_printcheck" time="4.236"/>
  <testcase classname="TestCase.TC_003" name="choose_giftcard_validate" time="6.971"/>
  <testcase classname="TestCase.TC_003" name="checkout_validation" time="0.844"/>
  <testcase classname="factory.base" name="@BeforeTest driverSetup" time="0.0">
    <ignored/>
  </testcase> <!-- @BeforeTest driverSetup -->
  <testcase classname="factory.base" name="@AfterTest closeBrowser" time="0.0">
    <ignored/>
  </testcase> <!-- @AfterTest closeBrowser -->
  <testcase classname="factory.base" name="@AfterTest closeBrowser" time="0.0">
    <ignored/>
  </testcase> <!-- @AfterTest closeBrowser -->
  <testcase classname="factory.base" name="@BeforeTest driverSetup" time="0.0">
    <ignored/>
  </testcase> <!-- @BeforeTest driverSetup -->
</testsuite> <!-- Test -->
