<?xml version="1.0" encoding="UTF-8"?>
<testng-results ignored="0" total="7" passed="7" failed="0" skipped="0">
  <reporter-output>
  </reporter-output>
  <suite started-at="2024-04-11T23:21:10 IST" name="Suite" finished-at="2024-04-11T23:22:16 IST" duration-ms="65917">
    <groups>
      <group name="regression">
        <method signature="TC_002.submenu_printcheck()[pri:0, instance:TestCase.TC_002@5a59ca5e]" name="submenu_printcheck" class="TestCase.TC_002"/>
        <method signature="TC_003.checkout_validation()[pri:1, instance:TestCase.TC_003@4bdeaabb]" name="checkout_validation" class="TestCase.TC_003"/>
        <method signature="TC_001.check_sortfuction()[pri:2, instance:TestCase.TC_001@4c163e3]" name="check_sortfuction" class="TestCase.TC_001"/>
        <method signature="TC_001.check_and_print()[pri:3, instance:TestCase.TC_001@4c163e3]" name="check_and_print" class="TestCase.TC_001"/>
      </group> <!-- regression -->
      <group name="smoke">
        <method signature="TC_001.search_functionality()[pri:0, instance:TestCase.TC_001@4c163e3]" name="search_functionality" class="TestCase.TC_001"/>
        <method signature="TC_003.choose_giftcard_validate()[pri:0, instance:TestCase.TC_003@4bdeaabb]" name="choose_giftcard_validate" class="TestCase.TC_003"/>
        <method signature="TC_001.filter_functionality()[pri:1, instance:TestCase.TC_001@4c163e3]" name="filter_functionality" class="TestCase.TC_001"/>
      </group> <!-- smoke -->
    </groups>
    <test started-at="2024-04-11T23:21:10 IST" name="Test" finished-at="2024-04-11T23:22:16 IST" duration-ms="65917">
      <class name="TestCase.TC_003">
        <test-method signature="choose_giftcard_validate()[pri:0, instance:TestCase.TC_003@4bdeaabb]" started-at="2024-04-11T23:22:05 IST" name="choose_giftcard_validate" finished-at="2024-04-11T23:22:12 IST" duration-ms="6971" status="PASS">
          <reporter-output>
          </reporter-output>
        </test-method> <!-- choose_giftcard_validate -->
        <test-method signature="checkout_validation()[pri:1, instance:TestCase.TC_003@4bdeaabb]" started-at="2024-04-11T23:22:12 IST" name="checkout_validation" finished-at="2024-04-11T23:22:13 IST" duration-ms="844" status="PASS">
          <reporter-output>
          </reporter-output>
        </test-method> <!-- checkout_validation -->
      </class> <!-- TestCase.TC_003 -->
      <class name="TestCase.TC_002">
        <test-method signature="submenu_printcheck()[pri:0, instance:TestCase.TC_002@5a59ca5e]" started-at="2024-04-11T23:22:01 IST" name="submenu_printcheck" finished-at="2024-04-11T23:22:05 IST" duration-ms="4236" status="PASS">
          <reporter-output>
          </reporter-output>
        </test-method> <!-- submenu_printcheck -->
      </class> <!-- TestCase.TC_002 -->
      <class name="TestCase.TC_001">
        <test-method is-config="true" signature="driverSetup(java.lang.String)[pri:0, instance:TestCase.TC_001@4c163e3]" started-at="2024-04-11T23:21:11 IST" name="driverSetup" finished-at="2024-04-11T23:21:18 IST" duration-ms="7731" status="PASS">
          <params>
            <param index="0">
              <value>
                <![CDATA[chrome]]>
              </value>
            </param>
          </params>
          <reporter-output>
          </reporter-output>
        </test-method> <!-- driverSetup -->
        <test-method signature="search_functionality()[pri:0, instance:TestCase.TC_001@4c163e3]" started-at="2024-04-11T23:21:18 IST" name="search_functionality" finished-at="2024-04-11T23:21:55 IST" duration-ms="36124" status="PASS">
          <reporter-output>
          </reporter-output>
        </test-method> <!-- search_functionality -->
        <test-method signature="filter_functionality()[pri:1, instance:TestCase.TC_001@4c163e3]" started-at="2024-04-11T23:21:55 IST" name="filter_functionality" finished-at="2024-04-11T23:21:59 IST" duration-ms="4766" status="PASS">
          <reporter-output>
          </reporter-output>
        </test-method> <!-- filter_functionality -->
        <test-method signature="check_sortfuction()[pri:2, instance:TestCase.TC_001@4c163e3]" started-at="2024-04-11T23:21:59 IST" name="check_sortfuction" finished-at="2024-04-11T23:22:00 IST" duration-ms="1052" status="PASS">
          <reporter-output>
          </reporter-output>
        </test-method> <!-- check_sortfuction -->
        <test-method signature="check_and_print()[pri:3, instance:TestCase.TC_001@4c163e3]" started-at="2024-04-11T23:22:00 IST" name="check_and_print" finished-at="2024-04-11T23:22:01 IST" duration-ms="600" status="PASS">
          <reporter-output>
          </reporter-output>
        </test-method> <!-- check_and_print -->
        <test-method is-config="true" signature="closeBrowser()[pri:0, instance:TestCase.TC_001@4c163e3]" started-at="2024-04-11T23:22:13 IST" name="closeBrowser" finished-at="2024-04-11T23:22:16 IST" duration-ms="3079" status="PASS">
          <reporter-output>
          </reporter-output>
        </test-method> <!-- closeBrowser -->
      </class> <!-- TestCase.TC_001 -->
    </test> <!-- Test -->
  </suite> <!-- Suite -->
</testng-results>
